platform :ios, '9.0'
require_relative '../node_modules/@react-native-community/cli-platform-ios/native_modules'

target 'app' do
  # Explicitly include Yoga if you are using RN >= 0.42.0
  # =================================
  # pod 'yoga', :path => '../node_modules/react-native/ReactCommon/yoga'

  # # RN pods
  # # =================================
  # pod 'React', :path => '../node_modules/react-native/'
  # pod 'React-Core', :path => '../node_modules/react-native/React'
  # pod 'React-DevSupport', :path => '../node_modules/react-native/React'
  # pod 'React-fishhook', :path => '../node_modules/react-native/Libraries/fishhook'
  # pod 'React-RCTActionSheet', :path => '../node_modules/react-native/Libraries/ActionSheetIOS'
  # pod 'React-RCTAnimation', :path => '../node_modules/react-native/Libraries/NativeAnimation'
  # pod 'React-RCTBlob', :path => '../node_modules/react-native/Libraries/Blob'
  # pod 'React-RCTImage', :path => '../node_modules/react-native/Libraries/Image'
  # pod 'React-RCTLinking', :path => '../node_modules/react-native/Libraries/LinkingIOS'
  # pod 'React-RCTNetwork', :path => '../node_modules/react-native/Libraries/Network'
  # pod 'React-RCTSettings', :path => '../node_modules/react-native/Libraries/Settings'
  # pod 'React-RCTText', :path => '../node_modules/react-native/Libraries/Text'
  # pod 'React-RCTVibration', :path => '../node_modules/react-native/Libraries/Vibration'
  # pod 'React-RCTWebSocket', :path => '../node_modules/react-native/Libraries/WebSocket'
  # pod 'React-cxxreact', :path => '../node_modules/react-native/ReactCommon/cxxreact'
  # pod 'React-jsi', :path => '../node_modules/react-native/ReactCommon/jsi'
  # pod 'React-jsiexecutor', :path => '../node_modules/react-native/ReactCommon/jsiexecutor'
  # pod 'React-jsinspector', :path => '../node_modules/react-native/ReactCommon/jsinspector'

  # # Third party deps podspec link
  # # =================================
  # pod 'DoubleConversion', :podspec => '../node_modules/react-native/third-party-podspecs/DoubleConversion.podspec'
  # pod 'glog', :podspec => '../node_modules/react-native/third-party-podspecs/glog.podspec'
  # pod 'Folly', :podspec => '../node_modules/react-native/third-party-podspecs/Folly.podspec'
  # # =================================

  # # Pods for app
  # # =================================
  # pod 'RNFS', :path => "../node_modules/react-native-fs"
  # pod 'RNSVG', :path => "../node_modules/react-native-svg"
  # pod 'RNLocalize', :path => '../node_modules/react-native-localize'
  # pod 'RNDeviceInfo', :path => "../node_modules/react-native-device-info"
  # pod 'RNVectorIcons', :path => "../node_modules/react-native-vector-icons"
  # pod 'RNCAsyncStorage', :path => '../node_modules/@react-native-community/async-storage'
  # pod 'react-native-netinfo', :path => "../node_modules/@react-native-community/netinfo"
  # pod 'react-native-splash-screen', :path => "../node_modules/react-native-splash-screen"
  # # =================================

  use_native_modules!
end

install! 'cocoapods', :deterministic_uuids => false, :integrate_targets => false

post_install do |installer|
  installer.pods_project.targets.each do |target|
    if target.name == "React"
      target.remove_from_project
    end
  end
end
